::1 - - [30/Jan/2024:12:42:30 +0200] "GET / HTTP/1.1" 403 302
::1 - - [30/Jan/2024:12:42:31 +0200] "GET /favicon.ico HTTP/1.1" 404 299
::1 - - [30/Jan/2024:12:43:59 +0200] "GET / HTTP/1.1" 200 49
::1 - - [06/Feb/2024:12:36:42 +0200] "GET / HTTP/1.1" 200 49
::1 - - [06/Feb/2024:12:36:43 +0200] "GET /favicon.ico HTTP/1.1" 404 299
::1 - - [06/Feb/2024:12:50:54 +0200] "GET / HTTP/1.1" 200 96
::1 - - [06/Feb/2024:13:03:40 +0200] "GET / HTTP/1.1" 200 -
::1 - - [06/Feb/2024:13:05:35 +0200] "GET / HTTP/1.1" 200 978
::1 - - [06/Feb/2024:13:05:38 +0200] "GET /page1 HTTP/1.1" 200 1018
::1 - - [06/Feb/2024:13:05:43 +0200] "GET /page2 HTTP/1.1" 200 1038
::1 - - [06/Feb/2024:13:05:55 +0200] "GET / HTTP/1.1" 200 978
::1 - - [06/Feb/2024:18:58:53 +0200] "GET /favicon.ico HTTP/1.1" 200 22
::1 - - [06/Feb/2024:18:58:56 +0200] "GET / HTTP/1.1" 200 1242
::1 - - [06/Feb/2024:18:58:56 +0200] "GET /favicon.ico HTTP/1.1" 200 22
::1 - - [06/Feb/2024:18:59:01 +0200] "GET / HTTP/1.1" 200 1242
::1 - - [06/Feb/2024:18:59:01 +0200] "GET /favicon.ico HTTP/1.1" 200 22
::1 - - [06/Feb/2024:19:03:42 +0200] "GET / HTTP/1.1" 200 1246
::1 - - [06/Feb/2024:19:03:42 +0200] "GET /favicon.ico HTTP/1.1" 200 22
::1 - - [06/Feb/2024:19:09:46 +0200] "GET / HTTP/1.1" 200 1237
::1 - - [06/Feb/2024:19:09:46 +0200] "GET /favicon.ico HTTP/1.1" 200 22
::1 - - [06/Feb/2024:19:10:36 +0200] "GET / HTTP/1.1" 200 1229
::1 - - [06/Feb/2024:19:10:36 +0200] "GET /favicon.ico HTTP/1.1" 200 22
::1 - - [06/Feb/2024:19:11:16 +0200] "GET / HTTP/1.1" 200 1237
::1 - - [06/Feb/2024:19:11:16 +0200] "GET /favicon.ico HTTP/1.1" 200 22
::1 - - [06/Feb/2024:19:11:51 +0200] "GET / HTTP/1.1" 200 1239
::1 - - [06/Feb/2024:19:11:51 +0200] "GET /favicon.ico HTTP/1.1" 200 22
::1 - - [06/Feb/2024:19:11:53 +0200] "GET / HTTP/1.1" 200 1239
::1 - - [06/Feb/2024:19:11:53 +0200] "GET /favicon.ico HTTP/1.1" 200 22
::1 - - [06/Feb/2024:19:11:53 +0200] "GET /page1 HTTP/1.1" 200 1011
::1 - - [06/Feb/2024:19:11:54 +0200] "GET /favicon.ico HTTP/1.1" 200 22
::1 - - [06/Feb/2024:19:11:54 +0200] "GET /page2 HTTP/1.1" 200 1031
::1 - - [06/Feb/2024:19:11:54 +0200] "GET /favicon.ico HTTP/1.1" 200 22
::1 - - [06/Feb/2024:19:11:55 +0200] "GET / HTTP/1.1" 200 1239
::1 - - [06/Feb/2024:19:11:55 +0200] "GET /favicon.ico HTTP/1.1" 200 22
::1 - - [06/Feb/2024:19:14:11 +0200] "GET / HTTP/1.1" 200 1233
::1 - - [06/Feb/2024:19:14:11 +0200] "GET /favicon.ico HTTP/1.1" 200 22
::1 - - [06/Feb/2024:19:14:13 +0200] "GET /page1 HTTP/1.1" 200 1005
::1 - - [06/Feb/2024:19:14:13 +0200] "GET /favicon.ico HTTP/1.1" 200 22
::1 - - [06/Feb/2024:19:14:19 +0200] "GET /page3 HTTP/1.1" 200 16
::1 - - [06/Feb/2024:19:14:19 +0200] "GET /favicon.ico HTTP/1.1" 200 22
::1 - - [06/Feb/2024:19:14:28 +0200] "GET /page2 HTTP/1.1" 200 1025
::1 - - [06/Feb/2024:19:14:28 +0200] "GET /favicon.ico HTTP/1.1" 200 22
::1 - - [06/Feb/2024:20:13:43 +0200] "GET /page2 HTTP/1.1" 200 1002
::1 - - [06/Feb/2024:20:13:43 +0200] "GET /favicon.ico HTTP/1.1" 200 22
::1 - - [06/Feb/2024:20:13:44 +0200] "GET /page1 HTTP/1.1" 200 1005
::1 - - [06/Feb/2024:20:13:44 +0200] "GET /favicon.ico HTTP/1.1" 200 22
::1 - - [06/Feb/2024:20:13:45 +0200] "GET /page2 HTTP/1.1" 200 1002
::1 - - [06/Feb/2024:20:13:45 +0200] "GET /favicon.ico HTTP/1.1" 200 22
::1 - - [06/Feb/2024:20:20:09 +0200] "GET / HTTP/1.1" 200 1233
::1 - - [06/Feb/2024:20:20:10 +0200] "GET /favicon.ico HTTP/1.1" 200 22
::1 - - [06/Feb/2024:20:20:11 +0200] "GET /page2 HTTP/1.1" 200 1812
::1 - - [06/Feb/2024:20:20:11 +0200] "GET /favicon.ico HTTP/1.1" 200 22
::1 - - [06/Feb/2024:20:20:14 +0200] "GET /favicon.ico HTTP/1.1" 200 22
::1 - - [06/Feb/2024:20:21:03 +0200] "GET /page2 HTTP/1.1" 200 1721
::1 - - [06/Feb/2024:20:21:03 +0200] "GET /favicon.ico HTTP/1.1" 200 22
::1 - - [06/Feb/2024:20:21:04 +0200] "GET /page2 HTTP/1.1" 200 1721
::1 - - [06/Feb/2024:20:21:04 +0200] "GET /favicon.ico HTTP/1.1" 200 22
::1 - - [06/Feb/2024:20:21:50 +0200] "GET /page2 HTTP/1.1" 200 1006
::1 - - [06/Feb/2024:20:21:50 +0200] "GET /favicon.ico HTTP/1.1" 200 22
::1 - - [06/Feb/2024:20:24:56 +0200] "GET /page2 HTTP/1.1" 200 1597
::1 - - [06/Feb/2024:20:24:56 +0200] "GET /favicon.ico HTTP/1.1" 200 22
::1 - - [06/Feb/2024:20:25:38 +0200] "GET /page2 HTTP/1.1" 200 1516
::1 - - [06/Feb/2024:20:25:38 +0200] "GET /favicon.ico HTTP/1.1" 200 22
::1 - - [06/Feb/2024:20:25:41 +0200] "GET /page2 HTTP/1.1" 200 1516
::1 - - [06/Feb/2024:20:25:41 +0200] "GET /favicon.ico HTTP/1.1" 200 22
::1 - - [06/Feb/2024:20:26:05 +0200] "GET /page2 HTTP/1.1" 200 1516
::1 - - [06/Feb/2024:20:26:05 +0200] "GET /favicon.ico HTTP/1.1" 200 22
::1 - - [06/Feb/2024:20:28:53 +0200] "GET /page2 HTTP/1.1" 200 1829
::1 - - [06/Feb/2024:20:28:53 +0200] "GET /favicon.ico HTTP/1.1" 200 22
::1 - - [06/Feb/2024:20:36:44 +0200] "GET /page2 HTTP/1.1" 200 1829
::1 - - [06/Feb/2024:20:36:44 +0200] "GET /favicon.ico HTTP/1.1" 200 22
::1 - - [06/Feb/2024:20:42:58 +0200] "GET /page2 HTTP/1.1" 200 3187
::1 - - [06/Feb/2024:20:42:58 +0200] "GET /favicon.ico HTTP/1.1" 200 22
::1 - - [06/Feb/2024:20:44:23 +0200] "GET /page2 HTTP/1.1" 200 3197
::1 - - [06/Feb/2024:20:44:23 +0200] "GET /favicon.ico HTTP/1.1" 200 22
::1 - - [06/Feb/2024:20:57:29 +0200] "GET /page2 HTTP/1.1" 200 3228
::1 - - [06/Feb/2024:20:57:29 +0200] "GET /favicon.ico HTTP/1.1" 200 22
::1 - - [06/Feb/2024:21:05:40 +0200] "GET /page2 HTTP/1.1" 200 3228
::1 - - [06/Feb/2024:21:05:40 +0200] "GET /favicon.ico HTTP/1.1" 200 22
::1 - - [06/Feb/2024:21:43:14 +0200] "GET /page2 HTTP/1.1" 200 5450
::1 - - [06/Feb/2024:21:43:15 +0200] "GET /favicon.ico HTTP/1.1" 200 22
::1 - - [06/Feb/2024:21:44:09 +0200] "GET /page2 HTTP/1.1" 200 9797
::1 - - [06/Feb/2024:21:44:09 +0200] "GET /favicon.ico HTTP/1.1" 200 22
::1 - - [06/Feb/2024:21:49:42 +0200] "GET /page2 HTTP/1.1" 200 10156
::1 - - [06/Feb/2024:21:49:42 +0200] "GET /favicon.ico HTTP/1.1" 200 22
::1 - - [06/Feb/2024:21:58:53 +0200] "GET /page2 HTTP/1.1" 200 11078
::1 - - [06/Feb/2024:21:58:54 +0200] "GET /favicon.ico HTTP/1.1" 200 22
::1 - - [06/Feb/2024:21:59:41 +0200] "GET /page1 HTTP/1.1" 200 1005
::1 - - [06/Feb/2024:21:59:41 +0200] "GET /favicon.ico HTTP/1.1" 200 22
::1 - - [06/Feb/2024:21:59:42 +0200] "GET /page2 HTTP/1.1" 200 11078
::1 - - [06/Feb/2024:21:59:42 +0200] "GET /favicon.ico HTTP/1.1" 200 22
::1 - - [06/Feb/2024:22:00:40 +0200] "GET /page2 HTTP/1.1" 200 11078
::1 - - [06/Feb/2024:22:00:40 +0200] "GET /favicon.ico HTTP/1.1" 200 22
::1 - - [06/Feb/2024:22:00:42 +0200] "GET /page1 HTTP/1.1" 200 1005
::1 - - [06/Feb/2024:22:00:42 +0200] "GET /favicon.ico HTTP/1.1" 200 22
::1 - - [06/Feb/2024:22:00:43 +0200] "GET / HTTP/1.1" 200 1233
::1 - - [06/Feb/2024:22:00:43 +0200] "GET /favicon.ico HTTP/1.1" 200 22
::1 - - [06/Feb/2024:22:00:46 +0200] "GET /page1 HTTP/1.1" 200 1005
::1 - - [06/Feb/2024:22:00:46 +0200] "GET /favicon.ico HTTP/1.1" 200 22
::1 - - [06/Feb/2024:22:00:46 +0200] "GET /page2 HTTP/1.1" 200 11078
::1 - - [06/Feb/2024:22:00:46 +0200] "GET /favicon.ico HTTP/1.1" 200 22
::1 - - [06/Feb/2024:22:04:37 +0200] "GET / HTTP/1.1" 200 1233
::1 - - [06/Feb/2024:22:04:37 +0200] "GET /favicon.ico HTTP/1.1" 200 22
::1 - - [06/Feb/2024:22:04:38 +0200] "GET /page2 HTTP/1.1" 200 11152
::1 - - [06/Feb/2024:22:04:39 +0200] "GET /favicon.ico HTTP/1.1" 200 22
::1 - - [06/Feb/2024:22:23:46 +0200] "GET /page1 HTTP/1.1" 200 986
::1 - - [06/Feb/2024:22:23:47 +0200] "GET /favicon.ico HTTP/1.1" 200 22
::1 - - [06/Feb/2024:22:23:48 +0200] "GET / HTTP/1.1" 200 1233
::1 - - [06/Feb/2024:22:23:48 +0200] "GET /favicon.ico HTTP/1.1" 200 22
::1 - - [06/Feb/2024:22:26:14 +0200] "GET /page1 HTTP/1.1" 200 986
::1 - - [06/Feb/2024:22:26:14 +0200] "GET /favicon.ico HTTP/1.1" 200 22
::1 - - [06/Feb/2024:22:27:07 +0200] "GET /page2 HTTP/1.1" 200 11152
::1 - - [06/Feb/2024:22:27:08 +0200] "GET /favicon.ico HTTP/1.1" 200 22
::1 - - [11/Feb/2024:18:31:50 +0200] "GET /basics HTTP/1.1" 200 17
::1 - - [11/Feb/2024:18:31:50 +0200] "GET /favicon.ico HTTP/1.1" 200 22
::1 - - [11/Feb/2024:18:31:57 +0200] "GET / HTTP/1.1" 200 1233
::1 - - [11/Feb/2024:18:31:57 +0200] "GET /favicon.ico HTTP/1.1" 200 22
::1 - - [11/Feb/2024:18:32:02 +0200] "GET /page1 HTTP/1.1" 200 986
::1 - - [11/Feb/2024:18:32:02 +0200] "GET /favicon.ico HTTP/1.1" 200 22
::1 - - [11/Feb/2024:18:32:03 +0200] "GET /page2 HTTP/1.1" 200 11152
::1 - - [11/Feb/2024:18:32:03 +0200] "GET /favicon.ico HTTP/1.1" 200 22
